1628017404699	geckodriver	INFO	Listening on 127.0.0.1:61530
1628017407781	mozrunner::runner	INFO	Running command: "C:\\Program Files\\Mozilla Firefox\\firefox.exe" "--marionette" "-foreground" "-no-remote" "-profile" "C:\\Users\\USER\\AppData\\Local\\Temp\\rust_mozprofileOtS0Wx"
1628017407987	Marionette	INFO	Marionette enabled
console.warn: SearchSettings: "get: No settings file exists, new profile?" (new NotFoundError("Could not open the file at C:\\Users\\USER\\AppData\\Local\\Temp\\rust_mozprofileOtS0Wx\\search.json.mozlz4", (void 0)))
1628017409529	Marionette	INFO	Listening on port 61538
1628017409847	Marionette	WARN	TLS certificate errors will be ignored for this session
1628017431491	Marionette	INFO	Stopped listening on port 61538
1628017523568	geckodriver	INFO	Listening on 127.0.0.1:60290
1628017526645	mozrunner::runner	INFO	Running command: "C:\\Program Files\\Mozilla Firefox\\firefox.exe" "--marionette" "-foreground" "-no-remote" "-profile" "C:\\Users\\USER\\AppData\\Local\\Temp\\rust_mozprofileLAcOAh"
1628017526855	Marionette	INFO	Marionette enabled
console.warn: SearchSettings: "get: No settings file exists, new profile?" (new NotFoundError("Could not open the file at C:\\Users\\USER\\AppData\\Local\\Temp\\rust_mozprofileLAcOAh\\search.json.mozlz4", (void 0)))
1628017528272	Marionette	INFO	Listening on port 60298
1628017528679	Marionette	WARN	TLS certificate errors will be ignored for this session
1628017557247	Marionette	INFO	Stopped listening on port 60298

###!!! [Child][RunMessage] Error: Channel closing: too late to send/recv, messages will be lost

1628017830949	geckodriver	INFO	Listening on 127.0.0.1:65051
1628017834026	mozrunner::runner	INFO	Running command: "C:\\Program Files\\Mozilla Firefox\\firefox.exe" "--marionette" "-foreground" "-no-remote" "-profile" "C:\\Users\\USER\\AppData\\Local\\Temp\\rust_mozprofileW2P5RC"
1628017834245	Marionette	INFO	Marionette enabled
console.warn: SearchSettings: "get: No settings file exists, new profile?" (new NotFoundError("Could not open the file at C:\\Users\\USER\\AppData\\Local\\Temp\\rust_mozprofileW2P5RC\\search.json.mozlz4", (void 0)))
1628017835834	Marionette	INFO	Listening on port 65059
1628017836062	Marionette	WARN	TLS certificate errors will be ignored for this session
1628017879288	Marionette	INFO	Stopped listening on port 65059

###!!! [Child][RunMessage] Error: Channel closing: too late to send/recv, messages will be lost

1628018385700	geckodriver	INFO	Listening on 127.0.0.1:60421
1628018388782	mozrunner::runner	INFO	Running command: "C:\\Program Files\\Mozilla Firefox\\firefox.exe" "--marionette" "-foreground" "-no-remote" "-profile" "C:\\Users\\USER\\AppData\\Local\\Temp\\rust_mozprofile6Rews7"
1628018388993	Marionette	INFO	Marionette enabled
console.warn: SearchSettings: "get: No settings file exists, new profile?" (new NotFoundError("Could not open the file at C:\\Users\\USER\\AppData\\Local\\Temp\\rust_mozprofile6Rews7\\search.json.mozlz4", (void 0)))
1628018390507	Marionette	INFO	Listening on port 60429
1628018390816	Marionette	WARN	TLS certificate errors will be ignored for this session
1628018457680	Marionette	INFO	Stopped listening on port 60429

###!!! [Child][RunMessage] Error: Channel closing: too late to send/recv, messages will be lost

1628018576639	geckodriver	INFO	Listening on 127.0.0.1:64628
1628018579717	mozrunner::runner	INFO	Running command: "C:\\Program Files\\Mozilla Firefox\\firefox.exe" "--marionette" "-foreground" "-no-remote" "-profile" "C:\\Users\\USER\\AppData\\Local\\Temp\\rust_mozprofileCDBFSi"
1628018579928	Marionette	INFO	Marionette enabled
console.warn: SearchSettings: "get: No settings file exists, new profile?" (new NotFoundError("Could not open the file at C:\\Users\\USER\\AppData\\Local\\Temp\\rust_mozprofileCDBFSi\\search.json.mozlz4", (void 0)))
1628018581509	Marionette	INFO	Listening on port 64636
1628018581758	Marionette	WARN	TLS certificate errors will be ignored for this session
1628018636422	Marionette	INFO	Stopped listening on port 64636
1628019436105	geckodriver	INFO	Listening on 127.0.0.1:61200
1628019439162	mozrunner::runner	INFO	Running command: "C:\\Program Files\\Mozilla Firefox\\firefox.exe" "--marionette" "-foreground" "-no-remote" "-profile" "C:\\Users\\USER\\AppData\\Local\\Temp\\rust_mozprofileqhyOb8"
1628019439390	Marionette	INFO	Marionette enabled
console.warn: SearchSettings: "get: No settings file exists, new profile?" (new NotFoundError("Could not open the file at C:\\Users\\USER\\AppData\\Local\\Temp\\rust_mozprofileqhyOb8\\search.json.mozlz4", (void 0)))
1628019441038	Marionette	INFO	Listening on port 61208
1628019441198	Marionette	WARN	TLS certificate errors will be ignored for this session
1628019485114	Marionette	INFO	Stopped listening on port 61208

###!!! [Child][RunMessage] Error: Channel closing: too late to send/recv, messages will be lost

1628019536982	geckodriver	INFO	Listening on 127.0.0.1:61335
1628019540056	mozrunner::runner	INFO	Running command: "C:\\Program Files\\Mozilla Firefox\\firefox.exe" "--marionette" "-foreground" "-no-remote" "-profile" "C:\\Users\\USER\\AppData\\Local\\Temp\\rust_mozprofileNLO7Fa"
1628019540266	Marionette	INFO	Marionette enabled
console.warn: SearchSettings: "get: No settings file exists, new profile?" (new NotFoundError("Could not open the file at C:\\Users\\USER\\AppData\\Local\\Temp\\rust_mozprofileNLO7Fa\\search.json.mozlz4", (void 0)))
1628019541812	Marionette	INFO	Listening on port 61343
1628019542118	Marionette	WARN	TLS certificate errors will be ignored for this session
1628019575695	Marionette	INFO	Stopped listening on port 61343

###!!! [Child][RunMessage] Error: Channel closing: too late to send/recv, messages will be lost

1628019591824	geckodriver	INFO	Listening on 127.0.0.1:61462
1628019594883	mozrunner::runner	INFO	Running command: "C:\\Program Files\\Mozilla Firefox\\firefox.exe" "--marionette" "-foreground" "-no-remote" "-profile" "C:\\Users\\USER\\AppData\\Local\\Temp\\rust_mozprofile0H46QV"
1628019595116	Marionette	INFO	Marionette enabled
console.warn: SearchSettings: "get: No settings file exists, new profile?" (new NotFoundError("Could not open the file at C:\\Users\\USER\\AppData\\Local\\Temp\\rust_mozprofile0H46QV\\search.json.mozlz4", (void 0)))
1628019596739	Marionette	INFO	Listening on port 61470
1628019596932	Marionette	WARN	TLS certificate errors will be ignored for this session
1628019628267	Marionette	INFO	Stopped listening on port 61470
